0 info it worked if it ends with ok
1 verbose cli [ '/usr/bin/nodejs',
1 verbose cli   '/usr/bin/npm',
1 verbose cli   '--prefix',
1 verbose cli   '/home/gchen/GitShit/School/firebase/functions',
1 verbose cli   'run',
1 verbose cli   'lint' ]
2 info using npm@3.5.2
3 info using node@v4.2.6
4 verbose run-script [ 'prelint', 'lint', 'postlint' ]
5 info lifecycle functions@~prelint: functions@
6 silly lifecycle functions@~prelint: no script for prelint, continuing
7 info lifecycle functions@~lint: functions@
8 verbose lifecycle functions@~lint: unsafe-perm in lifecycle true
9 verbose lifecycle functions@~lint: PATH: /usr/share/npm/bin/node-gyp-bin:/home/gchen/GitShit/School/firebase/functions/node_modules/.bin:/home/gchen/bin:/home/gchen/.local/bin:/usr/local/sbin:/usr/local/bin:/usr/sbin:/usr/bin:/sbin:/bin:/usr/games:/usr/local/games:/snap/bin:/opt/node/node-v8.11.3-linux-x64/bin
10 verbose lifecycle functions@~lint: CWD: /home/gchen/GitShit/School/firebase/functions
11 silly lifecycle functions@~lint: Args: [ '-c', 'eslint .' ]
12 silly lifecycle functions@~lint: Returned: code: 1  signal: null
13 info lifecycle functions@~lint: Failed to exec lint script
14 verbose stack Error: functions@ lint: `eslint .`
14 verbose stack Exit status 1
14 verbose stack     at EventEmitter.<anonymous> (/usr/share/npm/lib/utils/lifecycle.js:232:16)
14 verbose stack     at emitTwo (events.js:87:13)
14 verbose stack     at EventEmitter.emit (events.js:172:7)
14 verbose stack     at ChildProcess.<anonymous> (/usr/share/npm/lib/utils/spawn.js:24:14)
14 verbose stack     at emitTwo (events.js:87:13)
14 verbose stack     at ChildProcess.emit (events.js:172:7)
14 verbose stack     at maybeClose (internal/child_process.js:821:16)
14 verbose stack     at Process.ChildProcess._handle.onexit (internal/child_process.js:211:5)
15 verbose pkgid functions@
16 verbose cwd /home/gchen/GitShit/School/firebase
17 error Linux 4.13.0-43-generic
18 error argv "/usr/bin/nodejs" "/usr/bin/npm" "--prefix" "/home/gchen/GitShit/School/firebase/functions" "run" "lint"
19 error node v4.2.6
20 error npm  v3.5.2
21 error code ELIFECYCLE
22 error functions@ lint: `eslint .`
22 error Exit status 1
23 error Failed at the functions@ lint script 'eslint .'.
23 error Make sure you have the latest version of node.js and npm installed.
23 error If you do, this is most likely a problem with the functions package,
23 error not with npm itself.
23 error Tell the author that this fails on your system:
23 error     eslint .
23 error You can get information on how to open an issue for this project with:
23 error     npm bugs functions
23 error Or if that isn't available, you can get their info via:
23 error     npm owner ls functions
23 error There is likely additional logging output above.
24 verbose exit [ 1, true ]
