#-----------------------------------------------------------
# Vivado v2016.3 (64-bit)
# SW Build 1682563 on Mon Oct 10 19:07:27 MDT 2016
# IP Build 1681267 on Mon Oct 10 21:28:31 MDT 2016
# Start of session at: Wed May 09 22:56:03 2018
# Process ID: 7184
# Current directory: C:/Users/ghchen/Desktop/project_2
# Command line: vivado.exe -gui_launcher_event rodinguilauncherevent7536 C:\Users\ghchen\Desktop\project_2\project_2.xpr
# Log file: C:/Users/ghchen/Desktop/project_2/vivado.log
# Journal file: C:/Users/ghchen/Desktop/project_2\vivado.jou
#-----------------------------------------------------------
start_gui
open_project C:/Users/ghchen/Desktop/project_2/project_2.xpr
INFO: [Project 1-313] Project file moved from 'C:/Users/ghchen/project_2' since last save.
Scanning sources...
Finished scanning sources
WARNING: [filemgmt 56-2] IP Output Repository Path: Could not find the directory 'C:/Users/ghchen/Desktop/project_2/project_2.cache/ip', nor could it be found using path 'C:/Users/ghchen/project_2/project_2.cache/ip'.
INFO: [IP_Flow 19-234] Refreshing IP repositories
INFO: [IP_Flow 19-1704] No user IP repositories specified
INFO: [IP_Flow 19-2313] Loaded Vivado IP repository 'C:/Xilinx/Vivado/2016.3/data/ip'.
open_project: Time (s): cpu = 00:00:06 ; elapsed = 00:00:06 . Memory (MB): peak = 708.383 ; gain = 71.750
close [ open C:/Users/ghchen/Desktop/project_2/project_2.srcs/sources_1/new/playershit.v w ]
add_files C:/Users/ghchen/Desktop/project_2/project_2.srcs/sources_1/new/playershit.v
close [ open C:/Users/ghchen/Desktop/project_2/project_2.srcs/sources_1/new/random.v w ]
add_files C:/Users/ghchen/Desktop/project_2/project_2.srcs/sources_1/new/random.v
add_files -norecurse {C:/Users/ghchen/Desktop/fux4to1.v C:/Users/ghchen/Desktop/hex7seg.v C:/Users/ghchen/Desktop/fux8to1.v C:/Users/ghchen/Desktop/selector.v C:/Users/ghchen/Desktop/ringcounter.v}
close [ open C:/Users/ghchen/Desktop/project_2/project_2.srcs/sources_1/new/fuckingdisplay.v w ]
add_files C:/Users/ghchen/Desktop/project_2/project_2.srcs/sources_1/new/fuckingdisplay.v
add_files -norecurse C:/Users/ghchen/Desktop/countUD4L.v
close [ open C:/Users/ghchen/Desktop/project_2/project_2.srcs/sources_1/new/fuckingTIME.v w ]
add_files C:/Users/ghchen/Desktop/project_2/project_2.srcs/sources_1/new/fuckingTIME.v
close [ open C:/Users/ghchen/Desktop/project_2/project_2.srcs/sources_1/new/LEDshifter.v w ]
add_files C:/Users/ghchen/Desktop/project_2/project_2.srcs/sources_1/new/LEDshifter.v
import_files -norecurse C:/Users/ghchen/Desktop/edgeD.v
remove_files  C:/Users/ghchen/Desktop/countUD4L.v
remove_files  {C:/Users/ghchen/Desktop/ringcounter.v C:/Users/ghchen/Desktop/selector.v C:/Users/ghchen/Desktop/hex7seg.v}
import_files -norecurse {C:/Users/ghchen/Desktop/fux4to1.v C:/Users/ghchen/Desktop/hex7seg.v C:/Users/ghchen/Desktop/fux8to1.v C:/Users/ghchen/Desktop/selector.v C:/Users/ghchen/Desktop/countUD4L.v C:/Users/ghchen/Desktop/ringcounter.v}
close [ open C:/Users/ghchen/Desktop/project_2/project_2.srcs/sources_1/new/topgun.v w ]
add_files C:/Users/ghchen/Desktop/project_2/project_2.srcs/sources_1/new/topgun.v
update_compile_order -fileset sources_1
update_compile_order -fileset sim_1
update_compile_order -fileset sources_1
update_compile_order -fileset sim_1
exit
INFO: [Common 17-206] Exiting Vivado at Thu May 10 02:10:19 2018...
