#-----------------------------------------------------------
# Vivado v2016.3 (64-bit)
# SW Build 1682563 on Mon Oct 10 19:07:27 MDT 2016
# IP Build 1681267 on Mon Oct 10 21:28:31 MDT 2016
# Start of session at: Thu Apr 19 13:11:59 2018
# Process ID: 4256
# Current directory: C:/Users/ghchen/Desktop/project_1
# Command line: vivado.exe -gui_launcher_event rodinguilauncherevent5004 C:\Users\ghchen\Desktop\project_1\project_1.xpr
# Log file: C:/Users/ghchen/Desktop/project_1/vivado.log
# Journal file: C:/Users/ghchen/Desktop/project_1\vivado.jou
#-----------------------------------------------------------
start_gui
open_project C:/Users/ghchen/Desktop/project_1/project_1.xpr
Scanning sources...
Finished scanning sources
WARNING: [filemgmt 56-3] IP Output Repository Path: Could not find the directory 'C:/Users/ghchen/Desktop/project_1/project_1.cache/ip'.
INFO: [IP_Flow 19-234] Refreshing IP repositories
INFO: [IP_Flow 19-1704] No user IP repositories specified
INFO: [IP_Flow 19-2313] Loaded Vivado IP repository 'C:/Xilinx/Vivado/2016.3/data/ip'.
open_project: Time (s): cpu = 00:00:08 ; elapsed = 00:00:09 . Memory (MB): peak = 700.684 ; gain = 95.543
set_property source_mgmt_mode None [current_project]
exit
INFO: [Common 17-206] Exiting Vivado at Thu Apr 19 13:12:56 2018...
